#
# There is insufficient memory for the Java Runtime Environment to continue.
# Native memory allocation (malloc) failed to allocate 32744 bytes for ChunkPool::allocate
# Possible reasons:
#   The system is out of physical RAM or swap space
#   In 32 bit mode, the process size limit was hit
# Possible solutions:
#   Reduce memory load on the system
#   Increase physical memory or swap space
#   Check if swap backing store is full
#   Use 64 bit Java on a 64 bit OS
#   Decrease Java heap size (-Xmx/-Xms)
#   Decrease number of Java threads
#   Decrease Java thread stack sizes (-Xss)
#   Set larger code cache with -XX:ReservedCodeCacheSize=
# This output file may be truncated or incomplete.
#
#  Out of Memory Error (allocation.cpp:273), pid=34048, tid=0x000000000000850c
#
# JRE version: Java(TM) SE Runtime Environment (8.0_121-b13) (build 1.8.0_121-b13)
# Java VM: Java HotSpot(TM) 64-Bit Server VM (25.121-b13 mixed mode windows-amd64 compressed oops)
# Failed to write core dump. Minidumps are not enabled by default on client versions of Windows
#

---------------  T H R E A D  ---------------

Current thread (0x0000000017781000):  JavaThread "C1 CompilerThread2" daemon [_thread_in_native, id=34060, stack(0x0000000018fa0000,0x00000000190a0000)]

Stack: [0x0000000018fa0000,0x00000000190a0000]
[error occurred during error reporting (printing stack bounds), id 0xc0000005]

Native frames: (J=compiled Java code, j=interpreted, Vv=VM code, C=native code)


Current CompileTask:
C1:   6902 3939       1       sun.misc.ProxyGenerator$ProxyMethod::generateMethod (733 bytes)


---------------  P R O C E S S  ---------------

Java Threads: ( => current thread )
  0x000000001be7c800 JavaThread "container-0" [_thread_blocked, id=33644, stack(0x000000001d9b0000,0x000000001dab0000)]
  0x000000001be7e000 JavaThread "Catalina-utility-1" [_thread_blocked, id=26524, stack(0x000000001d8b0000,0x000000001d9b0000)]
  0x000000001be62000 JavaThread "CleanCursors-1-thread-1" daemon [_thread_blocked, id=39860, stack(0x000000001d4b0000,0x000000001d5b0000)]
  0x000000001be15000 JavaThread "cluster-ClusterId{value='5c40785b780bde8500882bed', description='null'}-localhost:27017" daemon [_thread_blocked, id=37152, stack(0x000000001d3b0000,0x000000001d4b0000)]
  0x000000001bd9b000 JavaThread "SimplePauseDetectorThread_0" daemon [_thread_blocked, id=6460, stack(0x000000001d2b0000,0x000000001d3b0000)]
  0x000000001bd9a800 JavaThread "Thread-3" daemon [_thread_blocked, id=25868, stack(0x000000001d1b0000,0x000000001d2b0000)]
  0x00000000197c2800 JavaThread "JMX server connection timeout 17" daemon [_thread_blocked, id=37248, stack(0x000000001a6e0000,0x000000001a7e0000)]
  0x0000000019721800 JavaThread "RMI TCP Connection(2)-127.0.0.1" daemon [_thread_in_native, id=35968, stack(0x000000001a5e0000,0x000000001a6e0000)]
  0x0000000019721000 JavaThread "RMI Scheduler(0)" daemon [_thread_blocked, id=30436, stack(0x000000001a4e0000,0x000000001a5e0000)]
  0x0000000019793800 JavaThread "RMI TCP Connection(1)-127.0.0.1" daemon [_thread_in_native, id=35180, stack(0x000000001a3e0000,0x000000001a4e0000)]
  0x0000000019709800 JavaThread "RMI TCP Accept-0" daemon [_thread_in_native, id=37972, stack(0x0000000019fa0000,0x000000001a0a0000)]
  0x0000000019706000 JavaThread "RMI TCP Accept-59104" daemon [_thread_in_native, id=37096, stack(0x0000000019ea0000,0x0000000019fa0000)]
  0x00000000196ef000 JavaThread "RMI TCP Accept-0" daemon [_thread_in_native, id=39188, stack(0x0000000019da0000,0x0000000019ea0000)]
  0x00000000190cb000 JavaThread "Service Thread" daemon [_thread_blocked, id=23104, stack(0x00000000194a0000,0x00000000195a0000)]
=>0x0000000017781000 JavaThread "C1 CompilerThread2" daemon [_thread_in_native, id=34060, stack(0x0000000018fa0000,0x00000000190a0000)]
  0x0000000017757800 JavaThread "C2 CompilerThread1" daemon [_thread_blocked, id=25084, stack(0x0000000018ea0000,0x0000000018fa0000)]
  0x0000000017755800 JavaThread "C2 CompilerThread0" daemon [_thread_blocked, id=27544, stack(0x0000000018da0000,0x0000000018ea0000)]
  0x0000000017754800 JavaThread "Attach Listener" daemon [_thread_blocked, id=39312, stack(0x0000000018ca0000,0x0000000018da0000)]
  0x0000000017753800 JavaThread "Signal Dispatcher" daemon [_thread_blocked, id=32040, stack(0x0000000018ba0000,0x0000000018ca0000)]
  0x0000000017740000 JavaThread "Finalizer" daemon [_thread_blocked, id=34312, stack(0x00000000189b0000,0x0000000018ab0000)]
  0x0000000017718800 JavaThread "Reference Handler" daemon [_thread_blocked, id=19544, stack(0x00000000188b0000,0x00000000189b0000)]
  0x0000000002a34800 JavaThread "main" [_thread_in_Java, id=9784, stack(0x0000000002850000,0x0000000002950000)]

Other Threads:
  0x0000000017717000 VMThread [stack: 0x00000000187b0000,0x00000000188b0000] [id=13944]
  0x000000001970b800 WatcherThread [stack: 0x000000001a0a0000,0x000000001a1a0000] [id=38720]

VM state:not at safepoint (normal execution)

VM Mutex/Monitor currently owned by a thread: None

Heap:
 PSYoungGen      total 128000K, used 111492K [0x00000000d5580000, 0x00000000e3780000, 0x0000000100000000)
  eden space 115712K, 96% used [0x00000000d5580000,0x00000000dc2612e0,0x00000000dc680000)
  from space 12288K, 0% used [0x00000000dc680000,0x00000000dc680000,0x00000000dd280000)
  to   space 17408K, 0% used [0x00000000e2680000,0x00000000e2680000,0x00000000e3780000)
 ParOldGen       total 50688K, used 24071K [0x0000000080000000, 0x0000000083180000, 0x00000000d5580000)
  object space 50688K, 47% used [0x0000000080000000,0x0000000081781e00,0x0000000083180000)
 Metaspace       used 38377K, capacity 40642K, committed 40920K, reserved 1085440K
  class space    used 5363K, capacity 5779K, committed 5888K, reserved 1048576K

Card table byte_map: [0x0000000011ef0000,0x0000000012300000] byte_map_base: 0x0000000011af0000

Marking Bits: (ParMarkBitMap*) 0x0000000067edb6d0
 Begin Bits: [0x00000000129b0000, 0x00000000149b0000)
 End Bits:   [0x00000000149b0000, 0x00000000169b0000)

Polling page: 0x0000000002950000

CodeCache: size=245760Kb used=8251Kb max_used=8251Kb free=237508Kb
 bounds [0x0000000002b30000, 0x0000000003340000, 0x0000000011b30000]
 total_blobs=4384 nmethods=3936 adapters=361
 compilation: enabled

Compilation events (10 events):
Event: 6.863 Thread 0x0000000017781000 nmethod 3932 0x000000000333c350 code [0x000000000333c4a0, 0x000000000333c5c8]
Event: 6.874 Thread 0x0000000017781000 3933  s!   1       java.beans.PropertyDescriptor::getWriteMethod (165 bytes)
Event: 6.877 Thread 0x0000000017781000 nmethod 3933 0x000000000333c650 code [0x000000000333c880, 0x000000000333d398]
Event: 6.884 Thread 0x0000000017781000 3934       1       sun.reflect.generics.reflectiveObjects.TypeVariableImpl::equals (67 bytes)
Event: 6.885 Thread 0x0000000017781000 nmethod 3934 0x000000000333db10 code [0x000000000333dca0, 0x000000000333e018]
Event: 6.889 Thread 0x0000000017781000 3935       1       sun.misc.ProxyGenerator::access$500 (6 bytes)
Event: 6.889 Thread 0x0000000017781000 nmethod 3935 0x000000000333e190 code [0x000000000333e2e0, 0x000000000333e3e8]
Event: 6.889 Thread 0x0000000017781000 3936       1       sun.misc.ProxyGenerator$ConstantPool::getInterfaceMethodRef (33 bytes)
Event: 6.889 Thread 0x0000000017781000 nmethod 3936 0x000000000333e450 code [0x000000000333e640, 0x000000000333ebc8]
Event: 6.889 Thread 0x0000000017781000 3939       1       sun.misc.ProxyGenerator$ProxyMethod::generateMethod (733 bytes)

GC Heap History (10 events):
Event: 2.035 GC heap before
{Heap before GC invocations=5 (full 1):
 PSYoungGen      total 71680K, used 5104K [0x00000000d5580000, 0x00000000da080000, 0x0000000100000000)
  eden space 66560K, 0% used [0x00000000d5580000,0x00000000d5580000,0x00000000d9680000)
  from space 5120K, 99% used [0x00000000d9b80000,0x00000000da07c030,0x00000000da080000)
  to   space 5120K, 0% used [0x00000000d9680000,0x00000000d9680000,0x00000000d9b80000)
 ParOldGen       total 87552K, used 6327K [0x0000000080000000, 0x0000000085580000, 0x00000000d5580000)
  object space 87552K, 7% used [0x0000000080000000,0x000000008062de20,0x0000000085580000)
 Metaspace       used 20498K, capacity 21110K, committed 21248K, reserved 1067008K
  class space    used 2773K, capacity 2984K, committed 3072K, reserved 1048576K
Event: 2.072 GC heap after
Heap after GC invocations=5 (full 1):
 PSYoungGen      total 71680K, used 0K [0x00000000d5580000, 0x00000000da080000, 0x0000000100000000)
  eden space 66560K, 0% used [0x00000000d5580000,0x00000000d5580000,0x00000000d9680000)
  from space 5120K, 0% used [0x00000000d9b80000,0x00000000d9b80000,0x00000000da080000)
  to   space 5120K, 0% used [0x00000000d9680000,0x00000000d9680000,0x00000000d9b80000)
 ParOldGen       total 50688K, used 5911K [0x0000000080000000, 0x0000000083180000, 0x00000000d5580000)
  object space 50688K, 11% used [0x0000000080000000,0x00000000805c5d70,0x0000000083180000)
 Metaspace       used 20497K, capacity 21104K, committed 21248K, reserved 1067008K
  class space    used 2773K, capacity 2983K, committed 3072K, reserved 1048576K
}
Event: 2.771 GC heap before
{Heap before GC invocations=6 (full 1):
 PSYoungGen      total 71680K, used 66560K [0x00000000d5580000, 0x00000000da080000, 0x0000000100000000)
  eden space 66560K, 100% used [0x00000000d5580000,0x00000000d9680000,0x00000000d9680000)
  from space 5120K, 0% used [0x00000000d9b80000,0x00000000d9b80000,0x00000000da080000)
  to   space 5120K, 0% used [0x00000000d9680000,0x00000000d9680000,0x00000000d9b80000)
 ParOldGen       total 50688K, used 5911K [0x0000000080000000, 0x0000000083180000, 0x00000000d5580000)
  object space 50688K, 11% used [0x0000000080000000,0x00000000805c5d70,0x0000000083180000)
 Metaspace       used 22907K, capacity 23686K, committed 23808K, reserved 1069056K
  class space    used 3120K, capacity 3324K, committed 3328K, reserved 1048576K
Event: 2.786 GC heap after
Heap after GC invocations=6 (full 1):
 PSYoungGen      total 71680K, used 5111K [0x00000000d5580000, 0x00000000ddc80000, 0x0000000100000000)
  eden space 66560K, 0% used [0x00000000d5580000,0x00000000d5580000,0x00000000d9680000)
  from space 5120K, 99% used [0x00000000d9680000,0x00000000d9b7dee8,0x00000000d9b80000)
  to   space 10240K, 0% used [0x00000000dd280000,0x00000000dd280000,0x00000000ddc80000)
 ParOldGen       total 50688K, used 9137K [0x0000000080000000, 0x0000000083180000, 0x00000000d5580000)
  object space 50688K, 18% used [0x0000000080000000,0x00000000808ec7c0,0x0000000083180000)
 Metaspace       used 22907K, capacity 23686K, committed 23808K, reserved 1069056K
  class space    used 3120K, capacity 3324K, committed 3328K, reserved 1048576K
}
Event: 3.666 GC heap before
{Heap before GC invocations=7 (full 1):
 PSYoungGen      total 71680K, used 71671K [0x00000000d5580000, 0x00000000ddc80000, 0x0000000100000000)
  eden space 66560K, 100% used [0x00000000d5580000,0x00000000d9680000,0x00000000d9680000)
  from space 5120K, 99% used [0x00000000d9680000,0x00000000d9b7dee8,0x00000000d9b80000)
  to   space 10240K, 0% used [0x00000000dd280000,0x00000000dd280000,0x00000000ddc80000)
 ParOldGen       total 50688K, used 9137K [0x0000000080000000, 0x0000000083180000, 0x00000000d5580000)
  object space 50688K, 18% used [0x0000000080000000,0x00000000808ec7c0,0x0000000083180000)
 Metaspace       used 27362K, capacity 28430K, committed 28672K, reserved 1073152K
  class space    used 3750K, capacity 3988K, committed 4096K, reserved 1048576K
Event: 3.686 GC heap after
Heap after GC invocations=7 (full 1):
 PSYoungGen      total 125952K, used 10230K [0x00000000d5580000, 0x00000000dde80000, 0x0000000100000000)
  eden space 115712K, 0% used [0x00000000d5580000,0x00000000d5580000,0x00000000dc680000)
  from space 10240K, 99% used [0x00000000dd280000,0x00000000ddc7da00,0x00000000ddc80000)
  to   space 12288K, 0% used [0x00000000dc680000,0x00000000dc680000,0x00000000dd280000)
 ParOldGen       total 50688K, used 10324K [0x0000000080000000, 0x0000000083180000, 0x00000000d5580000)
  object space 50688K, 20% used [0x0000000080000000,0x0000000080a152f8,0x0000000083180000)
 Metaspace       used 27362K, capacity 28430K, committed 28672K, reserved 1073152K
  class space    used 3750K, capacity 3988K, committed 4096K, reserved 1048576K
}
Event: 5.264 GC heap before
{Heap before GC invocations=8 (full 1):
 PSYoungGen      total 125952K, used 106073K [0x00000000d5580000, 0x00000000dde80000, 0x0000000100000000)
  eden space 115712K, 82% used [0x00000000d5580000,0x00000000db318ae0,0x00000000dc680000)
  from space 10240K, 99% used [0x00000000dd280000,0x00000000ddc7da00,0x00000000ddc80000)
  to   space 12288K, 0% used [0x00000000dc680000,0x00000000dc680000,0x00000000dd280000)
 ParOldGen       total 50688K, used 10324K [0x0000000080000000, 0x0000000083180000, 0x00000000d5580000)
  object space 50688K, 20% used [0x0000000080000000,0x0000000080a152f8,0x0000000083180000)
 Metaspace       used 33713K, capacity 35344K, committed 35416K, reserved 1079296K
  class space    used 4621K, capacity 4929K, committed 4992K, reserved 1048576K
Event: 5.295 GC heap after
Heap after GC invocations=8 (full 1):
 PSYoungGen      total 128000K, used 12260K [0x00000000d5580000, 0x00000000e3780000, 0x0000000100000000)
  eden space 115712K, 0% used [0x00000000d5580000,0x00000000d5580000,0x00000000dc680000)
  from space 12288K, 99% used [0x00000000dc680000,0x00000000dd279050,0x00000000dd280000)
  to   space 17408K, 0% used [0x00000000e2680000,0x00000000e2680000,0x00000000e3780000)
 ParOldGen       total 50688K, used 17884K [0x0000000080000000, 0x0000000083180000, 0x00000000d5580000)
  object space 50688K, 35% used [0x0000000080000000,0x0000000081177378,0x0000000083180000)
 Metaspace       used 33713K, capacity 35344K, committed 35416K, reserved 1079296K
  class space    used 4621K, capacity 4929K, committed 4992K, reserved 1048576K
}
Event: 5.295 GC heap before
{Heap before GC invocations=9 (full 2):
 PSYoungGen      total 128000K, used 12260K [0x00000000d5580000, 0x00000000e3780000, 0x0000000100000000)
  eden space 115712K, 0% used [0x00000000d5580000,0x00000000d5580000,0x00000000dc680000)
  from space 12288K, 99% used [0x00000000dc680000,0x00000000dd279050,0x00000000dd280000)
  to   space 17408K, 0% used [0x00000000e2680000,0x00000000e2680000,0x00000000e3780000)
 ParOldGen       total 50688K, used 17884K [0x0000000080000000, 0x0000000083180000, 0x00000000d5580000)
  object space 50688K, 35% used [0x0000000080000000,0x0000000081177378,0x0000000083180000)
 Metaspace       used 33713K, capacity 35344K, committed 35416K, reserved 1079296K
  class space    used 4621K, capacity 4929K, committed 4992K, reserved 1048576K
Event: 5.402 GC heap after
Heap after GC invocations=9 (full 2):
 PSYoungGen      total 128000K, used 0K [0x00000000d5580000, 0x00000000e3780000, 0x0000000100000000)
  eden space 115712K, 0% used [0x00000000d5580000,0x00000000d5580000,0x00000000dc680000)
  from space 12288K, 0% used [0x00000000dc680000,0x00000000dc680000,0x00000000dd280000)
  to   space 17408K, 0% used [0x00000000e2680000,0x00000000e2680000,0x00000000e3780000)
 ParOldGen       total 50688K, used 24071K [0x0000000080000000, 0x0000000083180000, 0x00000000d5580000)
  object space 50688K, 47% used [0x0000000080000000,0x0000000081781e00,0x0000000083180000)
 Metaspace       used 33713K, capacity 35344K, committed 35416K, reserved 1079296K
  class space    used 4621K, capacity 4929K, committed 4992K, reserved 1048576K
}

Deoptimization events (0 events):
No events

Internal exceptions (10 events):
Event: 6.887 Thread 0x0000000002a34800 Exception <a 'java/lang/ClassNotFoundException': org/springframework/beans/factory/InitializingBeanCustomizer> (0x00000000dbf11208) thrown at [C:\re\workspace\8-2-build-windows-amd64-cygwin\jdk8u121\8372\hotspot\src\share\vm\classfile\systemDictionary.cpp
Event: 6.894 Thread 0x0000000002a34800 Exception <a 'java/lang/ClassNotFoundException': java/lang/ObjectCustomizer> (0x00000000dbf7b4d0) thrown at [C:\re\workspace\8-2-build-windows-amd64-cygwin\jdk8u121\8372\hotspot\src\share\vm\classfile\systemDictionary.cpp, line 210]
Event: 6.894 Thread 0x0000000002a34800 Exception <a 'java/lang/ClassNotFoundException': org/springframework/hateoas/core/DelegatingRelProviderCustomizer> (0x00000000dbf90d58) thrown at [C:\re\workspace\8-2-build-windows-amd64-cygwin\jdk8u121\8372\hotspot\src\share\vm\classfile\systemDictionary
Event: 6.894 Thread 0x0000000002a34800 Exception <a 'java/lang/ArrayIndexOutOfBoundsException'> (0x00000000dbf925d8) thrown at [C:\re\workspace\8-2-build-windows-amd64-cygwin\jdk8u121\8372\hotspot\src\share\vm\runtime\sharedRuntime.cpp, line 605]
Event: 6.894 Thread 0x0000000002a34800 Exception <a 'java/lang/ArrayIndexOutOfBoundsException'> (0x00000000dbf94390) thrown at [C:\re\workspace\8-2-build-windows-amd64-cygwin\jdk8u121\8372\hotspot\src\share\vm\runtime\sharedRuntime.cpp, line 605]
Event: 6.894 Thread 0x0000000002a34800 Exception <a 'java/lang/ArrayIndexOutOfBoundsException'> (0x00000000dbf95c20) thrown at [C:\re\workspace\8-2-build-windows-amd64-cygwin\jdk8u121\8372\hotspot\src\share\vm\runtime\sharedRuntime.cpp, line 605]
Event: 6.894 Thread 0x0000000002a34800 Exception <a 'java/lang/ArrayIndexOutOfBoundsException'> (0x00000000dbf98d68) thrown at [C:\re\workspace\8-2-build-windows-amd64-cygwin\jdk8u121\8372\hotspot\src\share\vm\runtime\sharedRuntime.cpp, line 605]
Event: 6.895 Thread 0x0000000002a34800 Exception <a 'java/lang/ClassNotFoundException': org/springframework/hateoas/RelProviderCustomizer> (0x00000000dbfa8388) thrown at [C:\re\workspace\8-2-build-windows-amd64-cygwin\jdk8u121\8372\hotspot\src\share\vm\classfile\systemDictionary.cpp, line 210]
Event: 6.895 Thread 0x0000000002a34800 Exception <a 'java/lang/ArrayIndexOutOfBoundsException'> (0x00000000dbfa9518) thrown at [C:\re\workspace\8-2-build-windows-amd64-cygwin\jdk8u121\8372\hotspot\src\share\vm\runtime\sharedRuntime.cpp, line 605]
Event: 6.895 Thread 0x0000000002a34800 Exception <a 'java/lang/ArrayIndexOutOfBoundsException'> (0x00000000dbfaafb8) thrown at [C:\re\workspace\8-2-build-windows-amd64-cygwin\jdk8u121\8372\hotspot\src\share\vm\runtime\sharedRuntime.cpp, line 605]

Events (10 events):
Event: 6.894 loading class org/springframework/hateoas/core/DelegatingRelProviderCustomizer
Event: 6.894 loading class org/springframework/hateoas/core/DelegatingRelProviderCustomizer done
Event: 6.894 loading class org/springframework/hateoas/RelProviderCustomizer
Event: 6.894 loading class org/springframework/hateoas/RelProviderCustomizer done
Event: 6.895 loading class org/springframework/hateoas/RelProviderCustomizer
Event: 6.895 loading class org/springframework/hateoas/RelProviderCustomizer done
Event: 6.895 loading class org/springframework/hateoas/RelProviderCustomizer
Event: 6.895 loading class org/springframework/hateoas/RelProviderCustomizer done
Event: 6.895 loading class org/springframework/plugin/core/PluginCustomizer
Event: 6.895 loading class org/springframework/plugin/core/PluginCustomizer done


Dynamic libraries:
0x00007ff68f8c0000 - 0x00007ff68f8f7000 	C:\Program Files\Java\jre1.8.0_121\bin\javaw.exe
0x00007ff856470000 - 0x00007ff856651000 	C:\WINDOWS\SYSTEM32\ntdll.dll
0x00007ff8560f0000 - 0x00007ff8561a2000 	C:\WINDOWS\System32\KERNEL32.DLL
0x00007ff852840000 - 0x00007ff852ab3000 	C:\WINDOWS\System32\KERNELBASE.dll
0x00007ff853ad0000 - 0x00007ff853b71000 	C:\WINDOWS\System32\ADVAPI32.dll
0x00007ff854030000 - 0x00007ff8540ce000 	C:\WINDOWS\System32\msvcrt.dll
0x00007ff855930000 - 0x00007ff85598b000 	C:\WINDOWS\System32\sechost.dll
0x00007ff8539a0000 - 0x00007ff853ac4000 	C:\WINDOWS\System32\RPCRT4.dll
0x00007ff855be0000 - 0x00007ff855d70000 	C:\WINDOWS\System32\USER32.dll
0x00007ff852d80000 - 0x00007ff852da0000 	C:\WINDOWS\System32\win32u.dll
0x00007ff8561b0000 - 0x00007ff8561d8000 	C:\WINDOWS\System32\GDI32.dll
0x00007ff852b40000 - 0x00007ff852cd2000 	C:\WINDOWS\System32\gdi32full.dll
0x00007ff852ce0000 - 0x00007ff852d7f000 	C:\WINDOWS\System32\msvcp_win.dll
0x00007ff853510000 - 0x00007ff85360a000 	C:\WINDOWS\System32\ucrtbase.dll
0x00007ff8509c0000 - 0x00007ff850c29000 	C:\WINDOWS\WinSxS\amd64_microsoft.windows.common-controls_6595b64144ccf1df_6.0.17134.228_none_fb4599993062b194\COMCTL32.dll
0x00007ff8541c0000 - 0x00007ff8544e3000 	C:\WINDOWS\System32\combase.dll
0x00007ff852ac0000 - 0x00007ff852b3a000 	C:\WINDOWS\System32\bcryptPrimitives.dll
0x00007ff8560c0000 - 0x00007ff8560ed000 	C:\WINDOWS\System32\IMM32.DLL
0x00007ff852620000 - 0x00007ff85267d000 	C:\Program Files\Citrix\System32\MfApHook64.dll
0x00007ff851f70000 - 0x00007ff851f9b000 	C:\Program Files\Citrix\ICAService\CtxDodHook64.dll
0x00007ff852540000 - 0x00007ff852572000 	C:\Program Files\Citrix\ICAService\picaFullScreenHookX64.dll
0x00007ff851f20000 - 0x00007ff851f6e000 	C:\Program Files\Citrix\ICAService\ShellHook64.dll
0x00007ff8544f0000 - 0x00007ff855930000 	C:\WINDOWS\System32\SHELL32.dll
0x00007ff8538b0000 - 0x00007ff8538f9000 	C:\WINDOWS\System32\cfgmgr32.dll
0x00007ff855a60000 - 0x00007ff855b09000 	C:\WINDOWS\System32\shcore.dll
0x00007ff852e00000 - 0x00007ff85350d000 	C:\WINDOWS\System32\windows.storage.dll
0x00007ff855a00000 - 0x00007ff855a51000 	C:\WINDOWS\System32\shlwapi.dll
0x00007ff852820000 - 0x00007ff852831000 	C:\WINDOWS\System32\kernel.appcore.dll
0x00007ff852780000 - 0x00007ff85279f000 	C:\WINDOWS\System32\profapi.dll
0x00007ff8527a0000 - 0x00007ff8527ec000 	C:\WINDOWS\System32\powrprof.dll
0x00007ff8527f0000 - 0x00007ff8527fa000 	C:\WINDOWS\System32\FLTLIB.DLL
0x00007ff851d80000 - 0x00007ff851efc000 	C:\Program Files\Citrix\ICAService\SCardHook64.dll
0x00007ff851ce0000 - 0x00007ff851d0a000 	C:\Program Files\Citrix\ICAService\cxinjime64.dll
0x00007ff851bd0000 - 0x00007ff851c18000 	C:\Program Files\Citrix\ICAService\PicaWtsHook64.dll
0x00000000684d0000 - 0x00000000685a2000 	C:\Program Files\Java\jre1.8.0_121\bin\msvcr100.dll
0x00000000676c0000 - 0x0000000067f5b000 	C:\Program Files\Java\jre1.8.0_121\bin\server\jvm.dll
0x00007ff855f00000 - 0x00007ff855f08000 	C:\WINDOWS\System32\PSAPI.DLL
0x00007ff84c520000 - 0x00007ff84c543000 	C:\WINDOWS\SYSTEM32\WINMM.dll
0x00007ff8451a0000 - 0x00007ff8451a9000 	C:\WINDOWS\SYSTEM32\WSOCK32.dll
0x00007ff852430000 - 0x00007ff85243a000 	C:\WINDOWS\SYSTEM32\VERSION.dll
0x00007ff84c4a0000 - 0x00007ff84c4ca000 	C:\WINDOWS\SYSTEM32\WINMMBASE.dll
0x00007ff855990000 - 0x00007ff8559fc000 	C:\WINDOWS\System32\WS2_32.dll
0x00000000675d0000 - 0x00000000675df000 	C:\Program Files\Java\jre1.8.0_121\bin\verify.dll
0x00000000675a0000 - 0x00000000675c9000 	C:\Program Files\Java\jre1.8.0_121\bin\java.dll
0x0000000067580000 - 0x0000000067596000 	C:\Program Files\Java\jre1.8.0_121\bin\zip.dll
0x0000000068a50000 - 0x0000000068a5d000 	C:\Program Files\Java\jre1.8.0_121\bin\management.dll
0x0000000068a60000 - 0x0000000068a7a000 	C:\Program Files\Java\jre1.8.0_121\bin\net.dll
0x00007ff851470000 - 0x00007ff8514d6000 	C:\WINDOWS\system32\mswsock.dll
0x0000000068490000 - 0x00000000684a1000 	C:\Program Files\Java\jre1.8.0_121\bin\nio.dll
0x00007ff847840000 - 0x00007ff847856000 	C:\WINDOWS\system32\napinsp.dll
0x00007ff847860000 - 0x00007ff84787a000 	C:\WINDOWS\system32\pnrpnsp.dll
0x00007ff84df60000 - 0x00007ff84df79000 	C:\WINDOWS\system32\NLAapi.dll
0x00007ff851230000 - 0x00007ff8512ee000 	C:\WINDOWS\SYSTEM32\DNSAPI.dll
0x00007ff855d70000 - 0x00007ff855d78000 	C:\WINDOWS\System32\NSI.dll
0x00007ff8511f0000 - 0x00007ff851228000 	C:\WINDOWS\SYSTEM32\IPHLPAPI.DLL
0x00007ff847aa0000 - 0x00007ff847aae000 	C:\WINDOWS\System32\winrnr.dll
0x00007ff8494e0000 - 0x00007ff8494ea000 	C:\Windows\System32\rasadhlp.dll
0x00007ff84a670000 - 0x00007ff84a6e2000 	C:\WINDOWS\System32\fwpuclnt.dll
0x00007ff851ff0000 - 0x00007ff852015000 	C:\WINDOWS\SYSTEM32\bcrypt.dll
0x00007ff851620000 - 0x00007ff851637000 	C:\WINDOWS\SYSTEM32\CRYPTSP.dll
0x00007ff851050000 - 0x00007ff851083000 	C:\WINDOWS\system32\rsaenh.dll
0x00007ff852680000 - 0x00007ff8526a8000 	C:\WINDOWS\SYSTEM32\USERENV.dll
0x00007ff851640000 - 0x00007ff85164b000 	C:\WINDOWS\SYSTEM32\CRYPTBASE.dll
0x00007ff84af70000 - 0x00007ff84af86000 	C:\WINDOWS\SYSTEM32\dhcpcsvc6.DLL
0x00007ff84b0a0000 - 0x00007ff84b0ba000 	C:\WINDOWS\SYSTEM32\dhcpcsvc.DLL
0x0000000068460000 - 0x0000000068484000 	C:\Program Files\Java\jre1.8.0_121\bin\sunec.dll

VM Arguments:
jvm_args: -Dcom.sun.management.jmxremote -Dcom.sun.management.jmxremote.port=59104 -Dcom.sun.management.jmxremote.authenticate=false -Dcom.sun.management.jmxremote.ssl=false -Djava.rmi.server.hostname=localhost -Dspring.liveBeansView.mbeanDomain -Dspring.application.admin.enabled=true -Xverify:none -XX:TieredStopAtLevel=1 -Dfile.encoding=UTF-8 
java_command: com.cg.bank.SpringBankProject.SpringBankProjectApplication --spring.output.ansi.enabled=always
java_class_path (initial): C:\SpringBoot\SpringBankProject\target\classes;C:\Users\dbachhav\.m2\repository\org\springframework\boot\spring-boot-starter-actuator\2.1.2.RELEASE\spring-boot-starter-actuator-2.1.2.RELEASE.jar;C:\Users\dbachhav\.m2\repository\org\springframework\boot\spring-boot-starter\2.1.2.RELEASE\spring-boot-starter-2.1.2.RELEASE.jar;C:\Users\dbachhav\.m2\repository\org\springframework\boot\spring-boot\2.1.2.RELEASE\spring-boot-2.1.2.RELEASE.jar;C:\Users\dbachhav\.m2\repository\org\springframework\boot\spring-boot-autoconfigure\2.1.2.RELEASE\spring-boot-autoconfigure-2.1.2.RELEASE.jar;C:\Users\dbachhav\.m2\repository\org\springframework\boot\spring-boot-starter-logging\2.1.2.RELEASE\spring-boot-starter-logging-2.1.2.RELEASE.jar;C:\Users\dbachhav\.m2\repository\ch\qos\logback\logback-classic\1.2.3\logback-classic-1.2.3.jar;C:\Users\dbachhav\.m2\repository\ch\qos\logback\logback-core\1.2.3\logback-core-1.2.3.jar;C:\Users\dbachhav\.m2\repository\org\apache\logging\log4j\log4j-to-slf4j\2.11.1\log4j-to-slf4j-2.11.1.jar;C:\Users\dbachhav\.m2\repository\org\apache\logging\log4j\log4j-api\2.11.1\log4j-api-2.11.1.jar;C:\Users\dbachhav\.m2\repository\org\slf4j\jul-to-slf4j\1.7.25\jul-to-slf4j-1.7.25.jar;C:\Users\dbachhav\.m2\repository\javax\annotation\javax.annotation-api\1.3.2\javax.annotation-api-1.3.2.jar;C:\Users\dbachhav\.m2\repository\org\yaml\snakeyaml\1.23\snakeyaml-1.23.jar;C:\Users\dbachhav\.m2\repository\org\springframework\boot\spring-boot-actuator-autoconfigure\2.1.2.RELEASE\spring-boot-actuator-autoconfigure-2.1.2.RELEASE.jar;C:\Users\dbachhav\.m2\repository\org\springframework\boot\spring-boot-actuator\2.1.2.RELEASE\spring-boot-actuator-2.1.2.RELEASE.jar;C:\Users\dbachhav\.m2\repository\com\fasterxml\jackson\core\jackson-databind\2.9.8\jackson-databind-2.9.8.jar;C:\Users\dbachhav\.m2\repository\com\fasterxml\jackson\core\jackson-core\2.9.8\jackson-core-2.9.8.jar;C:\Users\dbachhav\.m2\repository\org\springframework\spring-context\5.1.4.RELEASE
Launcher Type: SUN_STANDARD

Environment Variables:
PATH=C:/Program Files/Java/jre1.8.0_121/bin/server;C:/Program Files/Java/jre1.8.0_121/bin;C:/Program Files/Java/jre1.8.0_121/lib/amd64;C:\Python34\;C:\Python34\Scripts;C:\oraclexe\app\oracle\product\11.2.0\server\bin;C:\ProgramData\Oracle\Java\javapath;C:\WINDOWS\system32;C:\WINDOWS;C:\WINDOWS\System32\Wbem;C:\WINDOWS\System32\WindowsPowerShell\v1.0\;C:\Program Files\TortoiseSVN\bin;C:\Program Files\nodejs\;C:\Program Files\Git\cmd;C:\Program Files (x86)\Microsoft SQL Server\110\Tools\Binn\ManagementStudio\;C:\Program Files (x86)\Microsoft SQL Server\110\Tools\Binn\;C:\Program Files (x86)\Microsoft SQL Server\110\DTS\Binn\;C:\Program Files\Citrix\System32\;C:\Program Files\Citrix\ICAService\;C:\WINDOWS\System32\OpenSSH\;C:\Users\dbachhav\AppData\Local\Microsoft\WindowsApps;;C:\SOFTWARES\spring-tool-suite-3.9.7.RELEASE-e4.10.0-win32-x86_64\sts-bundle\sts-3.9.7.RELEASE;
USERNAME=dbachhav
OS=Windows_NT
PROCESSOR_IDENTIFIER=Intel64 Family 15 Model 6 Stepping 1, GenuineIntel



---------------  S Y S T E M  ---------------

OS: Windows 10.0 , 64 bit Build 17134 (10.0.17134.1)

CPU:total 4 (2 cores per cpu, 1 threads per core) family 15 model 6 stepping 1, cmov, cx8, fxsr, mmx, sse, sse2, sse3, ssse3, sse4.1, sse4.2, popcnt, avx, avx2, aes, clmul, erms, rtm, 3dnowpref, lzcnt, tsc, bmi1, bmi2, adx

Memory: 4k page, physical 8388056k(1362976k free), swap 18697820k(4984k free)

vm_info: Java HotSpot(TM) 64-Bit Server VM (25.121-b13) for windows-amd64 JRE (1.8.0_121-b13), built on Dec 12 2016 18:21:36 by "java_re" with MS VC++ 10.0 (VS2010)

time: Thu Jan 17 18:13:09 2019
elapsed time: 6 seconds (0d 0h 0m 6s)

